<?xml version="1.0" encoding="UTF-8"?>
<!-- Generated by org.testng.reporters.JUnitReportReporter -->
<testsuite hostname="DESKTOP-UK5D04V" failures="0" tests="4" name="com.testScripts.PlaceOrderTest" time="8.778" errors="0" timestamp="2024-04-11T20:06:37 IST" skipped="0">
  <testcase classname="com.testScripts.PlaceOrderTest" name="searchProduct" time="0.986"/>
  <system-out/>
  <testcase classname="com.testScripts.PlaceOrderTest" name="addProductToCart" time="1.440"/>
  <system-out/>
  <testcase classname="com.testScripts.PlaceOrderTest" name="checkOutProduct" time="0.438"/>
  <system-out/>
  <testcase classname="com.testScripts.PlaceOrderTest" name="buyProduct" time="5.914"/>
  <system-out/>
</testsuite> <!-- com.testScripts.PlaceOrderTest -->
