<?xml version="1.0" encoding="UTF-8"?>
<!-- Generated by org.testng.reporters.JUnitReportReporter -->
<testsuite hostname="DESKTOP-UK5D04V" failures="0" tests="4" name="com.testScripts.PlaceOrderTest" time="7.355" errors="0" timestamp="2024-04-11T19:23:45 IST" skipped="0">
  <testcase classname="com.testScripts.PlaceOrderTest" name="searchProduct" time="0.802"/>
  <system-out/>
  <testcase classname="com.testScripts.PlaceOrderTest" name="addProductToCart" time="0.724"/>
  <system-out/>
  <testcase classname="com.testScripts.PlaceOrderTest" name="checkOutProduct" time="0.285"/>
  <system-out/>
  <testcase classname="com.testScripts.PlaceOrderTest" name="buyProduct" time="5.544"/>
  <system-out/>
</testsuite> <!-- com.testScripts.PlaceOrderTest -->
